{"C:\\Users\\leona\\Documents\\GitHub\\nlwReturn\\server\\src\\services\\submit-feedback.ts": {"path":"C:\\Users\\leona\\Documents\\GitHub\\nlwReturn\\server\\src\\services\\submit-feedback.ts","all":false,"statementMap":{"0":{"start":{"line":1,"column":0},"end":{"line":1,"column":76}},"1":{"start":{"line":2,"column":0},"end":{"line":2,"column":51}},"2":{"start":{"line":3,"column":0},"end":{"line":3,"column":0}},"3":{"start":{"line":4,"column":0},"end":{"line":4,"column":0}},"4":{"start":{"line":5,"column":0},"end":{"line":5,"column":40}},"5":{"start":{"line":6,"column":0},"end":{"line":6,"column":15}},"6":{"start":{"line":7,"column":0},"end":{"line":7,"column":18}},"7":{"start":{"line":8,"column":0},"end":{"line":8,"column":22}},"8":{"start":{"line":9,"column":0},"end":{"line":9,"column":1}},"9":{"start":{"line":10,"column":0},"end":{"line":10,"column":36}},"10":{"start":{"line":11,"column":0},"end":{"line":11,"column":0}},"11":{"start":{"line":12,"column":0},"end":{"line":12,"column":14}},"12":{"start":{"line":13,"column":0},"end":{"line":13,"column":52}},"13":{"start":{"line":14,"column":0},"end":{"line":14,"column":35}},"14":{"start":{"line":15,"column":0},"end":{"line":15,"column":5}},"15":{"start":{"line":16,"column":0},"end":{"line":16,"column":0}},"16":{"start":{"line":17,"column":0},"end":{"line":17,"column":55}},"17":{"start":{"line":18,"column":0},"end":{"line":18,"column":48}},"18":{"start":{"line":19,"column":0},"end":{"line":19,"column":0}},"19":{"start":{"line":20,"column":0},"end":{"line":20,"column":14}},"20":{"start":{"line":21,"column":0},"end":{"line":21,"column":41}},"21":{"start":{"line":22,"column":0},"end":{"line":22,"column":5}},"22":{"start":{"line":23,"column":0},"end":{"line":23,"column":72}},"23":{"start":{"line":24,"column":0},"end":{"line":24,"column":51}},"24":{"start":{"line":25,"column":0},"end":{"line":25,"column":6}},"25":{"start":{"line":26,"column":0},"end":{"line":26,"column":0}},"26":{"start":{"line":27,"column":0},"end":{"line":27,"column":42}},"27":{"start":{"line":28,"column":0},"end":{"line":28,"column":11}},"28":{"start":{"line":29,"column":0},"end":{"line":29,"column":14}},"29":{"start":{"line":30,"column":0},"end":{"line":30,"column":16}},"30":{"start":{"line":31,"column":0},"end":{"line":31,"column":6}},"31":{"start":{"line":32,"column":0},"end":{"line":32,"column":0}},"32":{"start":{"line":33,"column":0},"end":{"line":33,"column":0}},"33":{"start":{"line":34,"column":0},"end":{"line":34,"column":2}}},"s":{"0":1,"1":1,"2":1,"3":1,"4":1,"5":1,"6":1,"7":1,"8":1,"9":1,"10":1,"11":1,"12":1,"13":1,"14":1,"15":1,"16":1,"17":4,"18":4,"19":4,"20":1,"21":1,"22":4,"23":1,"24":1,"25":2,"26":2,"27":2,"28":2,"29":2,"30":2,"31":2,"32":2,"33":2},"branchMap":{"0":{"type":"branch","line":17,"loc":{"start":{"line":17,"column":2},"end":{"line":34,"column":2}},"locations":[{"start":{"line":17,"column":2},"end":{"line":34,"column":2}}]},"1":{"type":"branch","line":20,"loc":{"start":{"line":20,"column":13},"end":{"line":22,"column":5}},"locations":[{"start":{"line":20,"column":13},"end":{"line":22,"column":5}}]},"2":{"type":"branch","line":23,"loc":{"start":{"line":23,"column":-2},"end":{"line":23,"column":70}},"locations":[{"start":{"line":23,"column":-2},"end":{"line":23,"column":70}}]},"3":{"type":"branch","line":23,"loc":{"start":{"line":23,"column":71},"end":{"line":25,"column":6}},"locations":[{"start":{"line":23,"column":71},"end":{"line":25,"column":6}}]},"4":{"type":"branch","line":25,"loc":{"start":{"line":25,"column":5},"end":{"line":34,"column":2}},"locations":[{"start":{"line":25,"column":5},"end":{"line":34,"column":2}}]},"5":{"type":"branch","line":12,"loc":{"start":{"line":12,"column":2},"end":{"line":15,"column":5}},"locations":[{"start":{"line":12,"column":2},"end":{"line":15,"column":5}}]}},"b":{"0":[4],"1":[1],"2":[3],"3":[1],"4":[2],"5":[1]},"fnMap":{"0":{"name":"execute","decl":{"start":{"line":17,"column":2},"end":{"line":34,"column":2}},"loc":{"start":{"line":17,"column":2},"end":{"line":34,"column":2}},"line":17},"1":{"name":"SubmitFeedbackService","decl":{"start":{"line":12,"column":2},"end":{"line":15,"column":5}},"loc":{"start":{"line":12,"column":2},"end":{"line":15,"column":5}},"line":12}},"f":{"0":4,"1":1}}
}
